<?xml version="1.0" encoding="UTF-8"?>
<testng-results ignored="0" total="1" passed="1" failed="0" skipped="0">
  <reporter-output>
  </reporter-output>
  <suite started-at="2021-06-22T07:51:25 CEST" name="Suite" finished-at="2021-06-22T07:51:46 CEST" duration-ms="21096">
    <groups>
    </groups>
    <test started-at="2021-06-22T07:51:25 CEST" name="Test" finished-at="2021-06-22T07:51:46 CEST" duration-ms="21096">
      <class name="com.ATGAutomation.Tests.CreateCouponTest">
        <test-method is-config="true" signature="preSetUp()[pri:0, instance:com.ATGAutomation.Tests.CreateCouponTest@49c7b90e]" started-at="2021-06-22T07:51:25 CEST" name="preSetUp" finished-at="2021-06-22T07:51:25 CEST" duration-ms="441" status="PASS">
          <reporter-output>
          </reporter-output>
        </test-method> <!-- preSetUp -->
        <test-method is-config="true" signature="setUp()[pri:0, instance:com.ATGAutomation.Tests.CreateCouponTest@49c7b90e]" started-at="2021-06-22T07:51:25 CEST" name="setUp" finished-at="2021-06-22T07:51:37 CEST" duration-ms="12229" status="PASS">
          <reporter-output>
          </reporter-output>
        </test-method> <!-- setUp -->
        <test-method signature="createCoupon()[pri:0, instance:com.ATGAutomation.Tests.CreateCouponTest@49c7b90e]" started-at="2021-06-22T07:51:38 CEST" name="createCoupon" finished-at="2021-06-22T07:51:45 CEST" duration-ms="7777" status="PASS">
          <reporter-output>
          </reporter-output>
        </test-method> <!-- createCoupon -->
        <test-method is-config="true" signature="postTestAction(org.testng.ITestResult)[pri:0, instance:com.ATGAutomation.Tests.CreateCouponTest@49c7b90e]" started-at="2021-06-22T07:51:45 CEST" name="postTestAction" finished-at="2021-06-22T07:51:45 CEST" duration-ms="4" status="PASS">
          <params>
            <param index="0">
              <value>
                <![CDATA[[TestResult name=createCoupon status=SUCCESS method=CreateCouponTest.createCoupon()[pri:0, instance:com.ATGAutomation.Tests.CreateCouponTest@49c7b90e] output={null}]]]>
              </value>
            </param>
          </params>
          <reporter-output>
          </reporter-output>
        </test-method> <!-- postTestAction -->
        <test-method is-config="true" signature="TearDown()[pri:0, instance:com.ATGAutomation.Tests.CreateCouponTest@49c7b90e]" started-at="2021-06-22T07:51:45 CEST" name="TearDown" finished-at="2021-06-22T07:51:46 CEST" duration-ms="1025" status="PASS">
          <reporter-output>
          </reporter-output>
        </test-method> <!-- TearDown -->
        <test-method is-config="true" signature="postTearDown()[pri:0, instance:com.ATGAutomation.Tests.CreateCouponTest@49c7b90e]" started-at="2021-06-22T07:51:46 CEST" name="postTearDown" finished-at="2021-06-22T07:51:47 CEST" duration-ms="506" status="PASS">
          <reporter-output>
          </reporter-output>
        </test-method> <!-- postTearDown -->
      </class> <!-- com.ATGAutomation.Tests.CreateCouponTest -->
    </test> <!-- Test -->
  </suite> <!-- Suite -->
</testng-results>
